<?xml version="1.0" encoding="UTF-8"?>
<!-- Generated by org.testng.reporters.JUnitReportReporter -->
<testsuite hostname="DESKTOP-6AUG6SK" failures="0" tests="2" name="com.mystore.testcases.IndexPageTest" time="0.224" errors="0" timestamp="2022-10-24T00:41:20 IST" skipped="0">
  <testcase classname="com.mystore.testcases.IndexPageTest" name="verifyTitle" time="0.028"/>
  <system-out/>
  <testcase classname="com.mystore.testcases.IndexPageTest" name="verifyLogo" time="0.196"/>
  <system-out/>
</testsuite> <!-- com.mystore.testcases.IndexPageTest -->
